<?xml version="1.0" encoding="UTF-8"?>
<!-- Generated by org.testng.reporters.JUnitReportReporter -->
<testsuite hostname="dameeshas-air" failures="0" tests="1" name="com.test.project.tests.OrderSubmitTest" time="141.016" errors="0" timestamp="28 Feb 2024 16:33:21 GMT" skipped="0">
  <testcase classname="com.test.project.tests.OrderSubmitTest" name="verifyBookTestDriveFunctionality" time="141.016"/>
</testsuite> <!-- com.test.project.tests.OrderSubmitTest -->
